<?xml version="1.0" encoding="UTF-8"?>
<!-- Generated by org.testng.reporters.JUnitReportReporter -->
<testsuite hostname="RNAGASUN" failures="0" tests="2" name="com.rohith.annotation.TestngAnnotation" time="0.013" errors="0" timestamp="2021-06-25T14:40:30 IST" skipped="0">
  <testcase classname="com.rohith.annotation.TestngAnnotation" name="testCase1" time="0.011"/>
  <system-out/>
  <testcase classname="com.rohith.annotation.TestngAnnotation" name="testCase2" time="0.002"/>
  <system-out/>
</testsuite> <!-- com.rohith.annotation.TestngAnnotation -->
